<testsuites id="" name="" tests="1" failures="1" skipped="0" errors="0" time="14.260988000000001">
<testsuite name="tests\contactHotel.spec.ts" timestamp="2024-01-10T10:18:41.214Z" hostname="chromium" tests="1" failures="1" skipped="0" time="10.143" errors="0">
<testcase name="Contact Hotel › Customer must NOT be able to contact hotel without filling up the Subject field" classname="tests\contactHotel.spec.ts" time="10.143">
<failure message="contactHotel.spec.ts:54:7 Customer must NOT be able to contact hotel without filling up the Subject field" type="FAILURE">
<![CDATA[  [chromium] › tests\contactHotel.spec.ts:54:7 › Contact Hotel › Customer must NOT be able to contact hotel without filling up the Subject field 

    Error: Timed out 5000ms waiting for expect(locator).toContainText(expected)

    Locator: locator('div.contact .alert.alert-danger')
    Expected string: "Subject may not be blank1"
    Received string: "Subject may not be blankSubject must be between 5 and 100 characters."
    Call log:
      - expect.toContainText with timeout 5000ms
      - waiting for locator('div.contact .alert.alert-danger')
      -   locator resolved to <div class="alert alert-danger">…</div>
      -   unexpected value "Subject may not be blankSubject must be between 5 and 100 characters."
      -   locator resolved to <div class="alert alert-danger">…</div>
      -   unexpected value "Subject may not be blankSubject must be between 5 and 100 characters."
      -   locator resolved to <div class="alert alert-danger">…</div>
      -   unexpected value "Subject may not be blankSubject must be between 5 and 100 characters."
      -   locator resolved to <div class="alert alert-danger">…</div>
      -   unexpected value "Subject may not be blankSubject must be between 5 and 100 characters."
      -   locator resolved to <div class="alert alert-danger">…</div>
      -   unexpected value "Subject may not be blankSubject must be between 5 and 100 characters."
      -   locator resolved to <div class="alert alert-danger">…</div>
      -   unexpected value "Subject may not be blankSubject must be between 5 and 100 characters."
      -   locator resolved to <div class="alert alert-danger">…</div>
      -   unexpected value "Subject may not be blankSubject must be between 5 and 100 characters."
      -   locator resolved to <div class="alert alert-danger">…</div>
      -   unexpected value "Subject may not be blankSubject must be between 5 and 100 characters."
      -   locator resolved to <div class="alert alert-danger">…</div>
      -   unexpected value "Subject may not be blankSubject must be between 5 and 100 characters."


      59 |     const validationMessage = 'Subject may not be blank1'
      60 |     await expect(frontPage.contactFormErrorMessage).toContainText(errorMessage)
    > 61 |     await expect(frontPage.contactFormErrorMessage).toContainText(validationMessage)
         |                                                     ^
      62 |
      63 |   })
      64 |   test('Customer must NOT be able to contact hotel without filling up the Message field', async ({ page }) => {

        at c:\Users\vl.novakovic\Documents\repos\restful-booker-tests\tests\contactHotel.spec.ts:61:53

    attachment #1: screenshot (image/png) ──────────────────────────────────────────────────────────
    test-results\tests-contactHotel-Contact-Hotel-Customer-must-f7fe6-tact-hotel-without-filling-up-the-Subject-field-chromium\test-failed-1.png
    ────────────────────────────────────────────────────────────────────────────────────────────────
]]>
</failure>
<system-out>
<![CDATA[
[[ATTACHMENT|tests-contactHotel-Contact-Hotel-Customer-must-f7fe6-tact-hotel-without-filling-up-the-Subject-field-chromium\test-failed-1.png]]
]]>
</system-out>
</testcase>
</testsuite>
</testsuites>