<testsuites id="" name="" tests="17" failures="0" skipped="0" errors="0" time="105.507733">
<testsuite name="tests\bookRoom.spec.ts" timestamp="2023-12-29T12:55:39.157Z" hostname="chromium" tests="5" failures="0" skipped="0" time="61.003" errors="0">
<testcase name="Book a Room › Customer must be able to book a room by filling up mandatory fields @sanity" classname="tests\bookRoom.spec.ts" time="14.654">
</testcase>
<testcase name="Book a Room › Customer must NOT be able to book a room without filling up the First name field" classname="tests\bookRoom.spec.ts" time="11.402">
</testcase>
<testcase name="Book a Room › Customer must NOT be able to book a room without filling up the Last name field" classname="tests\bookRoom.spec.ts" time="11.234">
</testcase>
<testcase name="Book a Room › Customer must NOT be able to book a room without filling up the Email field" classname="tests\bookRoom.spec.ts" time="12.219">
</testcase>
<testcase name="Book a Room › Customer must NOT be able to book a room without filling up the Phone field" classname="tests\bookRoom.spec.ts" time="11.494">
</testcase>
</testsuite>
<testsuite name="tests\contactHotel.spec.ts" timestamp="2023-12-29T12:55:39.157Z" hostname="chromium" tests="6" failures="0" skipped="0" time="15.948" errors="0">
<testcase name="Contact Hotel › Customer must be able to contact hotel by filling up all mandatory fields @sanity" classname="tests\contactHotel.spec.ts" time="2.758">
</testcase>
<testcase name="Contact Hotel › Customer must NOT be able to contact hotel without filling up the Name field" classname="tests\contactHotel.spec.ts" time="3.316">
</testcase>
<testcase name="Contact Hotel › Customer must NOT be able to contact hotel without filling up an Email field" classname="tests\contactHotel.spec.ts" time="2.776">
</testcase>
<testcase name="Contact Hotel › Customer must NOT be able to contact hotel without filling up the Phone field" classname="tests\contactHotel.spec.ts" time="3.048">
</testcase>
<testcase name="Contact Hotel › Customer must NOT be able to contact hotel without filling up the Subject field" classname="tests\contactHotel.spec.ts" time="2.035">
</testcase>
<testcase name="Contact Hotel › Customer must NOT be able to contact hotel without filling up the Message field" classname="tests\contactHotel.spec.ts" time="2.015">
</testcase>
</testsuite>
<testsuite name="tests\createRoom.spec.ts" timestamp="2023-12-29T12:55:39.157Z" hostname="chromium" tests="3" failures="0" skipped="0" time="18.409" errors="0">
<testcase name="Creating room › Admin user must be able to create new room by filling up all mandatory fields @sanity" classname="tests\createRoom.spec.ts" time="6.39">
</testcase>
<testcase name="Creating room › Admin user must NOT be able to create new room with the room name empty" classname="tests\createRoom.spec.ts" time="5.874">
</testcase>
<testcase name="Creating room › Admin user must NOT be able to create new room with the room price less than 1" classname="tests\createRoom.spec.ts" time="6.145">
</testcase>
</testsuite>
<testsuite name="tests\loginToTheWebsite.spec.ts" timestamp="2023-12-29T12:55:39.157Z" hostname="chromium" tests="3" failures="0" skipped="0" time="6.509" errors="0">
<testcase name="Login To The Website › Customer must be able to log in to the hotel website by filling up mandatory fields @sanity" classname="tests\loginToTheWebsite.spec.ts" time="1.981">
</testcase>
<testcase name="Login To The Website › Customer must NOT be able to log in to the hotel website without filling up the username field" classname="tests\loginToTheWebsite.spec.ts" time="1.927">
</testcase>
<testcase name="Login To The Website › Customer must NOT be able to log in to the hotel website without filling up the password field" classname="tests\loginToTheWebsite.spec.ts" time="2.601">
</testcase>
</testsuite>
</testsuites>