<testsuites id="" name="" tests="18" failures="1" skipped="0" errors="0" time="43.984759000000004">
<testsuite name="tests\bookRoom.spec.ts" timestamp="2023-12-27T13:13:59.186Z" hostname="Chromium" tests="5" failures="1" skipped="0" time="29.803" errors="0">
<testcase name="Book a Room › Customer must be able to book a room by filling up mandatory fields @sanity" classname="tests\bookRoom.spec.ts" time="18.979">
<failure message="bookRoom.spec.ts:40:7 Customer must be able to book a room by filling up mandatory fields @sanity" type="FAILURE">
<![CDATA[  [Chromium] › tests\bookRoom.spec.ts:40:7 › Book a Room › Customer must be able to book a room by filling up mandatory fields @sanity 

    Error: locator.hover: Timeout 15000ms exceeded.
    Call log:
      - waiting for locator('.rbc-day-bg:not(.rbc-off-range-bg)').last()
      -   locator resolved to <div class="rbc-day-bg"></div>
      - attempting hover action
      -   waiting for element to be visible and stable
      -   element is visible and stable
      -   scrolling into view if needed
      -   done scrolling
      -   <div title="Unavailable" class="rbc-event-content">Unavailable</div> from <div role="row" class="rbc-row-content">…</div> subtree intercepts pointer events
      - retrying hover action, attempt #1
      -   waiting for element to be visible and stable
      -   element is visible and stable
      -   scrolling into view if needed
      -   done scrolling
      -   <div title="Unavailable" class="rbc-event-content">Unavailable</div> from <div role="row" class="rbc-row-content">…</div> subtree intercepts pointer events
      - retrying hover action, attempt #2
      -   waiting 20ms
      -   waiting for element to be visible and stable
      -   element is visible and stable
      -   scrolling into view if needed
      -   done scrolling
      -   <div title="Unavailable" class="rbc-event-content">Unavailable</div> from <div role="row" class="rbc-row-content">…</div> subtree intercepts pointer events
      - retrying hover action, attempt #3
      -   waiting 100ms
      -   waiting for element to be visible and stable
      -   element is visible and stable
      -   scrolling into view if needed
      -   done scrolling
      -   <div title="Unavailable" class="rbc-event-content">Unavailable</div> from <div role="row" class="rbc-row-content">…</div> subtree intercepts pointer events
      - retrying hover action, attempt #4
      -   waiting 100ms
      -   waiting for element to be visible and stable
      -   element is visible and stable
      -   scrolling into view if needed
      -   done scrolling
      -   <div title="Unavailable" class="rbc-event-content">Unavailable</div> from <div role="row" class="rbc-row-content">…</div> subtree intercepts pointer events
      - retrying hover action, attempt #5
      -   waiting 500ms
      -   waiting for element to be visible and stable
      -   element is visible and stable
      -   scrolling into view if needed
      -   done scrolling
      -   <div title="Unavailable" class="rbc-event-content">Unavailable</div> from <div role="row" class="rbc-row-content">…</div> subtree intercepts pointer events
      - retrying hover action, attempt #6
      -   waiting 500ms
      -   waiting for element to be visible and stable
      -   element is visible and stable
      -   scrolling into view if needed
      -   done scrolling
      -   <div title="Unavailable" class="rbc-event-content">Unavailable</div> from <div role="row" class="rbc-row-content">…</div> subtree intercepts pointer events
      - retrying hover action, attempt #7
      -   waiting 500ms
      -   waiting for element to be visible and stable
      -   element is visible and stable
      -   scrolling into view if needed
      -   done scrolling
      -   <div title="Unavailable" class="rbc-event-content">Unavailable</div> from <div role="row" class="rbc-row-content">…</div> subtree intercepts pointer events
      - retrying hover action, attempt #8
      -   waiting 500ms
      -   waiting for element to be visible and stable
      -   element is visible and stable
      -   scrolling into view if needed
      -   done scrolling
      -   <div title="Unavailable" class="rbc-event-content">Unavailable</div> from <div role="row" class="rbc-row-content">…</div> subtree intercepts pointer events
      - retrying hover action, attempt #9
      -   waiting 500ms
      -   waiting for element to be visible and stable
      -   element is visible and stable
      -   scrolling into view if needed
      -   done scrolling
      -   <div title="Unavailable" class="rbc-event-content">Unavailable</div> from <div role="row" class="rbc-row-content">…</div> subtree intercepts pointer events
      - retrying hover action, attempt #10
      -   waiting 500ms
      -   waiting for element to be visible and stable
      -   element is visible and stable
      -   scrolling into view if needed
      -   done scrolling
      -   <div title="Unavailable" class="rbc-event-content">Unavailable</div> from <div role="row" class="rbc-row-content">…</div> subtree intercepts pointer events
      - retrying hover action, attempt #11
      -   waiting 500ms
      -   waiting for element to be visible and stable
      -   element is visible and stable
      -   scrolling into view if needed
      -   done scrolling
      -   <div title="Unavailable" class="rbc-event-content">Unavailable</div> from <div role="row" class="rbc-row-content">…</div> subtree intercepts pointer events
      - retrying hover action, attempt #12
      -   waiting 500ms
      -   waiting for element to be visible and stable
      -   element is visible and stable
      -   scrolling into view if needed
      -   done scrolling
      -   <div title="Unavailable" class="rbc-event-content">Unavailable</div> from <div role="row" class="rbc-row-content">…</div> subtree intercepts pointer events
      - retrying hover action, attempt #13
      -   waiting 500ms
      -   waiting for element to be visible and stable
      -   element is visible and stable
      -   scrolling into view if needed
      -   done scrolling
      -   <div title="Unavailable" class="rbc-event-content">Unavailable</div> from <div role="row" class="rbc-row-content">…</div> subtree intercepts pointer events
      - retrying hover action, attempt #14
      -   waiting 500ms
      -   waiting for element to be visible and stable
      -   element is visible and stable
      -   scrolling into view if needed
      -   done scrolling
      -   <div title="Unavailable" class="rbc-event-content">Unavailable</div> from <div role="row" class="rbc-row-content">…</div> subtree intercepts pointer events
      - retrying hover action, attempt #15
      -   waiting 500ms
      -   waiting for element to be visible and stable
      -   element is visible and stable
      -   scrolling into view if needed
      -   done scrolling
      -   <div title="Unavailable" class="rbc-event-content">Unavailable</div> from <div role="row" class="rbc-row-content">…</div> subtree intercepts pointer events
      - retrying hover action, attempt #16
      -   waiting 500ms
      -   waiting for element to be visible and stable
      -   element is visible and stable
      -   scrolling into view if needed
      -   done scrolling
      -   <div title="Unavailable" class="rbc-event-content">Unavailable</div> from <div role="row" class="rbc-row-content">…</div> subtree intercepts pointer events
      - retrying hover action, attempt #17
      -   waiting 500ms
      -   waiting for element to be visible and stable
      -   element is visible and stable
      -   scrolling into view if needed
      -   done scrolling
      -   <div title="Unavailable" class="rbc-event-content">Unavailable</div> from <div role="row" class="rbc-row-content">…</div> subtree intercepts pointer events
      - retrying hover action, attempt #18
      -   waiting 500ms
      -   waiting for element to be visible and stable
      -   element is visible and stable
      -   scrolling into view if needed
      -   done scrolling
      -   <div title="Unavailable" class="rbc-event-content">Unavailable</div> from <div role="row" class="rbc-row-content">…</div> subtree intercepts pointer events
      - retrying hover action, attempt #19
      -   waiting 500ms
      -   waiting for element to be visible and stable
      -   element is visible and stable
      -   scrolling into view if needed
      -   done scrolling
      -   <div title="Unavailable" class="rbc-event-content">Unavailable</div> from <div role="row" class="rbc-row-content">…</div> subtree intercepts pointer events
      - retrying hover action, attempt #20
      -   waiting 500ms
      -   waiting for element to be visible and stable
      -   element is visible and stable
      -   scrolling into view if needed
      -   done scrolling
      -   <div title="Unavailable" class="rbc-event-content">Unavailable</div> from <div role="row" class="rbc-row-content">…</div> subtree intercepts pointer events
      - retrying hover action, attempt #21
      -   waiting 500ms
      -   waiting for element to be visible and stable
      -   element is visible and stable
      -   scrolling into view if needed
      -   done scrolling
      -   <div title="Unavailable" class="rbc-event-content">Unavailable</div> from <div role="row" class="rbc-row-content">…</div> subtree intercepts pointer events
      - retrying hover action, attempt #22
      -   waiting 500ms
      -   waiting for element to be visible and stable
      -   element is visible and stable
      -   scrolling into view if needed
      -   done scrolling
      -   <div title="Unavailable" class="rbc-event-content">Unavailable</div> from <div role="row" class="rbc-row-content">…</div> subtree intercepts pointer events
      - retrying hover action, attempt #23
      -   waiting 500ms
      -   waiting for element to be visible and stable
      -   element is visible and stable
      -   scrolling into view if needed
      -   done scrolling
      -   <div title="Unavailable" class="rbc-event-content">Unavailable</div> from <div role="row" class="rbc-row-content">…</div> subtree intercepts pointer events
      - retrying hover action, attempt #24
      -   waiting 500ms
      -   waiting for element to be visible and stable
      -   element is visible and stable
      -   scrolling into view if needed
      -   done scrolling
      -   <div title="Unavailable" class="rbc-event-content">Unavailable</div> from <div role="row" class="rbc-row-content">…</div> subtree intercepts pointer events
      - retrying hover action, attempt #25
      -   waiting 500ms
      -   waiting for element to be visible and stable
      -   element is visible and stable
      -   scrolling into view if needed
      -   done scrolling
      -   <div title="Unavailable" class="rbc-event-content">Unavailable</div> from <div role="row" class="rbc-row-content">…</div> subtree intercepts pointer events
      - retrying hover action, attempt #26
      -   waiting 500ms
      -   waiting for element to be visible and stable
      -   element is visible and stable
      -   scrolling into view if needed
      -   done scrolling
      -   <div title="Unavailable" class="rbc-event-content">Unavailable</div> from <div role="row" class="rbc-row-content">…</div> subtree intercepts pointer events
      - retrying hover action, attempt #27
      -   waiting 500ms
      -   waiting for element to be visible and stable
      -   element is visible and stable
      -   scrolling into view if needed
      -   done scrolling
      -   <div title="Unavailable" class="rbc-event-content">Unavailable</div> from <div role="row" class="rbc-row-content">…</div> subtree intercepts pointer events
      - retrying hover action, attempt #28
      -   waiting 500ms
      -   waiting for element to be visible and stable
      -   element is visible and stable
      -   scrolling into view if needed
      -   done scrolling
      -   <div title="Unavailable" class="rbc-event-content">Unavailable</div> from <div role="row" class="rbc-row-content">…</div> subtree intercepts pointer events
      - retrying hover action, attempt #29
      -   waiting 500ms
      -   waiting for element to be visible and stable
      -   element is visible and stable
      -   scrolling into view if needed
      -   done scrolling
      -   <div title="Unavailable" class="rbc-event-content">Unavailable</div> from <div role="row" class="rbc-row-content">…</div> subtree intercepts pointer events
      - retrying hover action, attempt #30
      -   waiting 500ms
      -   waiting for element to be visible and stable
      -   element is visible and stable
      -   scrolling into view if needed
      -   done scrolling
      -   <div title="Unavailable" class="rbc-event-content">Unavailable</div> from <div role="row" class="rbc-row-content">…</div> subtree intercepts pointer events
      - retrying hover action, attempt #31
      -   waiting 500ms


       at pages\FrontPage.ts:76

      74 |     await calendarStartDate.hover()
      75 |     await this.page.mouse.down()
    > 76 |     await calendarEndDate.hover()
         |                           ^
      77 |     await this.page.mouse.up()
      78 |   }
      79 |   async clickBookButton() {

        at FrontPage.selectAvailableDates (c:\Users\vl.novakovic\Documents\repos\restful-booker-tests\pages\FrontPage.ts:76:27)
        at c:\Users\vl.novakovic\Documents\repos\restful-booker-tests\tests\bookRoom.spec.ts:43:5

    attachment #1: screenshot (image/png) ──────────────────────────────────────────────────────────
    test-results\tests-bookRoom-Book-a-Room-Customer-must-be-ab-10e3f-ok-a-room-by-filling-up-mandatory-fields-sanity-Chromium\test-failed-1.png
    ────────────────────────────────────────────────────────────────────────────────────────────────
]]>
</failure>
<system-out>
<![CDATA[
[[ATTACHMENT|tests-bookRoom-Book-a-Room-Customer-must-be-ab-10e3f-ok-a-room-by-filling-up-mandatory-fields-sanity-Chromium\test-failed-1.png]]
]]>
</system-out>
</testcase>
<testcase name="Book a Room › Customer must NOT be able to book a room without filling up the First name field" classname="tests\bookRoom.spec.ts" time="2.962">
</testcase>
<testcase name="Book a Room › Customer must NOT be able to book a room without filling up the Last name field" classname="tests\bookRoom.spec.ts" time="2.488">
</testcase>
<testcase name="Book a Room › Customer must NOT be able to book a room without filling up the Email field" classname="tests\bookRoom.spec.ts" time="2.774">
</testcase>
<testcase name="Book a Room › Customer must NOT be able to book a room without filling up the Phone field" classname="tests\bookRoom.spec.ts" time="2.6">
</testcase>
</testsuite>
<testsuite name="tests\contactHotel.spec.ts" timestamp="2023-12-27T13:13:59.186Z" hostname="Chromium" tests="6" failures="0" skipped="0" time="13.21" errors="0">
<testcase name="Contact Hotel › Customer must be able to contact hotel by filling up all mandatory fields @sanity" classname="tests\contactHotel.spec.ts" time="2.905">
</testcase>
<testcase name="Contact Hotel › Customer must NOT be able to contact hotel without filling up the Name field" classname="tests\contactHotel.spec.ts" time="2.699">
</testcase>
<testcase name="Contact Hotel › Customer must NOT be able to contact hotel without filling up an Email field" classname="tests\contactHotel.spec.ts" time="2.147">
</testcase>
<testcase name="Contact Hotel › Customer must NOT be able to contact hotel without filling up the Phone field" classname="tests\contactHotel.spec.ts" time="1.857">
</testcase>
<testcase name="Contact Hotel › Customer must NOT be able to contact hotel without filling up the Subject field" classname="tests\contactHotel.spec.ts" time="1.751">
</testcase>
<testcase name="Contact Hotel › Customer must NOT be able to contact hotel without filling up the Message field" classname="tests\contactHotel.spec.ts" time="1.851">
</testcase>
</testsuite>
<testsuite name="tests\createRoom.spec.ts" timestamp="2023-12-27T13:13:59.186Z" hostname="Chromium" tests="4" failures="0" skipped="0" time="6.679" errors="0">
<testcase name="Creating room › Admin user must be able to create new room by filling up all mandatory fields @sanity" classname="tests\createRoom.spec.ts" time="3.545">
</testcase>
<testcase name="Creating room › Admin user must NOT be able to create new room with the room name empty" classname="tests\createRoom.spec.ts" time="2.184">
</testcase>
<testcase name="Admin user must NOT be able to create new room with the room type empty" classname="tests\createRoom.spec.ts" time="0.466">
</testcase>
<testcase name="Admin user must NOT be able to create new room with the room price empty" classname="tests\createRoom.spec.ts" time="0.484">
</testcase>
</testsuite>
<testsuite name="tests\loginToTheWebsite.spec.ts" timestamp="2023-12-27T13:13:59.186Z" hostname="Chromium" tests="3" failures="0" skipped="0" time="6.976" errors="0">
<testcase name="Login To The Website › Customer must be able to log in to the hotel website by filling up mandatory fields @sanity" classname="tests\loginToTheWebsite.spec.ts" time="2.334">
</testcase>
<testcase name="Login To The Website › Customer must NOT be able to log in to the hotel website without filling up the username field" classname="tests\loginToTheWebsite.spec.ts" time="2.094">
</testcase>
<testcase name="Login To The Website › Customer must NOT be able to log in to the hotel website without filling up the password field" classname="tests\loginToTheWebsite.spec.ts" time="2.548">
</testcase>
</testsuite>
</testsuites>