<testsuites id="" name="" tests="34" failures="0" skipped="0" errors="0" time="58.478208">
<testsuite name="tests\bookRoom.spec.ts" timestamp="2023-12-29T12:41:30.042Z" hostname="chromium" tests="5" failures="0" skipped="0" time="20.904" errors="0">
<testcase name="Book a Room › Customer must be able to book a room by filling up mandatory fields @sanity" classname="tests\bookRoom.spec.ts" time="5.431">
</testcase>
<testcase name="Book a Room › Customer must NOT be able to book a room without filling up the First name field" classname="tests\bookRoom.spec.ts" time="3.959">
</testcase>
<testcase name="Book a Room › Customer must NOT be able to book a room without filling up the Last name field" classname="tests\bookRoom.spec.ts" time="3.592">
</testcase>
<testcase name="Book a Room › Customer must NOT be able to book a room without filling up the Email field" classname="tests\bookRoom.spec.ts" time="3.721">
</testcase>
<testcase name="Book a Room › Customer must NOT be able to book a room without filling up the Phone field" classname="tests\bookRoom.spec.ts" time="4.201">
</testcase>
</testsuite>
<testsuite name="tests\contactHotel.spec.ts" timestamp="2023-12-29T12:41:30.042Z" hostname="chromium" tests="6" failures="0" skipped="0" time="17.704" errors="0">
<testcase name="Contact Hotel › Customer must be able to contact hotel by filling up all mandatory fields @sanity" classname="tests\contactHotel.spec.ts" time="3.942">
</testcase>
<testcase name="Contact Hotel › Customer must NOT be able to contact hotel without filling up the Name field" classname="tests\contactHotel.spec.ts" time="3.126">
</testcase>
<testcase name="Contact Hotel › Customer must NOT be able to contact hotel without filling up an Email field" classname="tests\contactHotel.spec.ts" time="2.711">
</testcase>
<testcase name="Contact Hotel › Customer must NOT be able to contact hotel without filling up the Phone field" classname="tests\contactHotel.spec.ts" time="2.453">
</testcase>
<testcase name="Contact Hotel › Customer must NOT be able to contact hotel without filling up the Subject field" classname="tests\contactHotel.spec.ts" time="2.616">
</testcase>
<testcase name="Contact Hotel › Customer must NOT be able to contact hotel without filling up the Message field" classname="tests\contactHotel.spec.ts" time="2.856">
</testcase>
</testsuite>
<testsuite name="tests\createRoom.spec.ts" timestamp="2023-12-29T12:41:30.042Z" hostname="chromium" tests="3" failures="0" skipped="0" time="9.948" errors="0">
<testcase name="Creating room › Admin user must be able to create new room by filling up all mandatory fields @sanity" classname="tests\createRoom.spec.ts" time="4.237">
</testcase>
<testcase name="Creating room › Admin user must NOT be able to create new room with the room name empty" classname="tests\createRoom.spec.ts" time="2.961">
</testcase>
<testcase name="Creating room › Admin user must NOT be able to create new room with the room price less than 1" classname="tests\createRoom.spec.ts" time="2.75">
</testcase>
</testsuite>
<testsuite name="tests\loginToTheWebsite.spec.ts" timestamp="2023-12-29T12:41:30.042Z" hostname="chromium" tests="3" failures="0" skipped="0" time="11.415" errors="0">
<testcase name="Login To The Website › Customer must be able to log in to the hotel website by filling up mandatory fields @sanity" classname="tests\loginToTheWebsite.spec.ts" time="6.017">
</testcase>
<testcase name="Login To The Website › Customer must NOT be able to log in to the hotel website without filling up the username field" classname="tests\loginToTheWebsite.spec.ts" time="2.996">
</testcase>
<testcase name="Login To The Website › Customer must NOT be able to log in to the hotel website without filling up the password field" classname="tests\loginToTheWebsite.spec.ts" time="2.402">
</testcase>
</testsuite>
<testsuite name="tests\bookRoom.spec.ts" timestamp="2023-12-29T12:41:30.042Z" hostname="firefox" tests="5" failures="0" skipped="0" time="32.415" errors="0">
<testcase name="Book a Room › Customer must be able to book a room by filling up mandatory fields @sanity" classname="tests\bookRoom.spec.ts" time="8.655">
</testcase>
<testcase name="Book a Room › Customer must NOT be able to book a room without filling up the First name field" classname="tests\bookRoom.spec.ts" time="6.919">
</testcase>
<testcase name="Book a Room › Customer must NOT be able to book a room without filling up the Last name field" classname="tests\bookRoom.spec.ts" time="5.93">
</testcase>
<testcase name="Book a Room › Customer must NOT be able to book a room without filling up the Email field" classname="tests\bookRoom.spec.ts" time="6.216">
</testcase>
<testcase name="Book a Room › Customer must NOT be able to book a room without filling up the Phone field" classname="tests\bookRoom.spec.ts" time="4.695">
</testcase>
</testsuite>
<testsuite name="tests\contactHotel.spec.ts" timestamp="2023-12-29T12:41:30.042Z" hostname="firefox" tests="6" failures="0" skipped="0" time="25.901" errors="0">
<testcase name="Contact Hotel › Customer must be able to contact hotel by filling up all mandatory fields @sanity" classname="tests\contactHotel.spec.ts" time="6.385">
</testcase>
<testcase name="Contact Hotel › Customer must NOT be able to contact hotel without filling up the Name field" classname="tests\contactHotel.spec.ts" time="4.09">
</testcase>
<testcase name="Contact Hotel › Customer must NOT be able to contact hotel without filling up an Email field" classname="tests\contactHotel.spec.ts" time="4.012">
</testcase>
<testcase name="Contact Hotel › Customer must NOT be able to contact hotel without filling up the Phone field" classname="tests\contactHotel.spec.ts" time="4.114">
</testcase>
<testcase name="Contact Hotel › Customer must NOT be able to contact hotel without filling up the Subject field" classname="tests\contactHotel.spec.ts" time="4.222">
</testcase>
<testcase name="Contact Hotel › Customer must NOT be able to contact hotel without filling up the Message field" classname="tests\contactHotel.spec.ts" time="3.078">
</testcase>
</testsuite>
<testsuite name="tests\createRoom.spec.ts" timestamp="2023-12-29T12:41:30.042Z" hostname="firefox" tests="3" failures="0" skipped="0" time="15.002" errors="0">
<testcase name="Creating room › Admin user must be able to create new room by filling up all mandatory fields @sanity" classname="tests\createRoom.spec.ts" time="8.482">
</testcase>
<testcase name="Creating room › Admin user must NOT be able to create new room with the room name empty" classname="tests\createRoom.spec.ts" time="3.61">
</testcase>
<testcase name="Creating room › Admin user must NOT be able to create new room with the room price less than 1" classname="tests\createRoom.spec.ts" time="2.91">
</testcase>
</testsuite>
<testsuite name="tests\loginToTheWebsite.spec.ts" timestamp="2023-12-29T12:41:30.042Z" hostname="firefox" tests="3" failures="0" skipped="0" time="14.814" errors="0">
<testcase name="Login To The Website › Customer must be able to log in to the hotel website by filling up mandatory fields @sanity" classname="tests\loginToTheWebsite.spec.ts" time="8.093">
</testcase>
<testcase name="Login To The Website › Customer must NOT be able to log in to the hotel website without filling up the username field" classname="tests\loginToTheWebsite.spec.ts" time="3.501">
</testcase>
<testcase name="Login To The Website › Customer must NOT be able to log in to the hotel website without filling up the password field" classname="tests\loginToTheWebsite.spec.ts" time="3.22">
</testcase>
</testsuite>
</testsuites>