<testsuites id="" name="" tests="6" failures="0" skipped="0" errors="0" time="27.469434">
<testsuite name="tests\contactHotel.spec.ts" timestamp="2024-01-10T11:35:58.998Z" hostname="chromium" tests="6" failures="0" skipped="0" time="22.382" errors="0">
<testcase name="Contact Hotel › Customer must be able to contact hotel by filling up all mandatory fields @sanity" classname="tests\contactHotel.spec.ts" time="6.02">
<system-out>
<![CDATA[
[[ATTACHMENT|tests-contactHotel-Contact-Hotel-Customer-must-2c694-hotel-by-filling-up-all-mandatory-fields-sanity-chromium\trace.zip]]
]]>
</system-out>
</testcase>
<testcase name="Contact Hotel › Customer must NOT be able to contact hotel without filling up the Name field" classname="tests\contactHotel.spec.ts" time="3.167">
<system-out>
<![CDATA[
[[ATTACHMENT|tests-contactHotel-Contact-Hotel-Customer-must-2ffc2-contact-hotel-without-filling-up-the-Name-field-chromium\trace.zip]]
]]>
</system-out>
</testcase>
<testcase name="Contact Hotel › Customer must NOT be able to contact hotel without filling up an Email field" classname="tests\contactHotel.spec.ts" time="2.911">
<system-out>
<![CDATA[
[[ATTACHMENT|tests-contactHotel-Contact-Hotel-Customer-must-ebaa8-contact-hotel-without-filling-up-an-Email-field-chromium\trace.zip]]
]]>
</system-out>
</testcase>
<testcase name="Contact Hotel › Customer must NOT be able to contact hotel without filling up the Phone field" classname="tests\contactHotel.spec.ts" time="3.624">
<system-out>
<![CDATA[
[[ATTACHMENT|tests-contactHotel-Contact-Hotel-Customer-must-5fab8-ontact-hotel-without-filling-up-the-Phone-field-chromium\trace.zip]]
]]>
</system-out>
</testcase>
<testcase name="Contact Hotel › Customer must NOT be able to contact hotel without filling up the Subject field" classname="tests\contactHotel.spec.ts" time="3.484">
<system-out>
<![CDATA[
[[ATTACHMENT|tests-contactHotel-Contact-Hotel-Customer-must-f7fe6-tact-hotel-without-filling-up-the-Subject-field-chromium\trace.zip]]
]]>
</system-out>
</testcase>
<testcase name="Contact Hotel › Customer must NOT be able to contact hotel without filling up the Message field" classname="tests\contactHotel.spec.ts" time="3.176">
<system-out>
<![CDATA[
[[ATTACHMENT|tests-contactHotel-Contact-Hotel-Customer-must-8c0a6-tact-hotel-without-filling-up-the-Message-field-chromium\trace.zip]]
]]>
</system-out>
</testcase>
</testsuite>
</testsuites>