<testsuites id="" name="" tests="1" failures="0" skipped="0" errors="0" time="13.267869">
<testsuite name="tests\createRoom.spec.ts" timestamp="2024-01-09T12:31:23.407Z" hostname="chromium" tests="1" failures="0" skipped="0" time="3.969" errors="0">
<testcase name="Creating room â€º Admin user must be able to create new room by filling up all mandatory fields @sanity" classname="tests\createRoom.spec.ts" time="3.969">
</testcase>
</testsuite>
</testsuites>