<testsuites id="" name="" tests="1" failures="0" skipped="0" errors="0" time="3.144392">
<testsuite name="tests\loginToTheWebsite.spec.ts" timestamp="2024-01-12T11:01:50.905Z" hostname="chromium" tests="1" failures="0" skipped="0" time="1.718" errors="0">
<testcase name="Login To The Website â€º Customer must be able to log in to the hotel website by filling up mandatory fields @sanity" classname="tests\loginToTheWebsite.spec.ts" time="1.718">
</testcase>
</testsuite>
</testsuites>