<testsuites id="" name="" tests="6" failures="0" skipped="0" errors="0" time="19.278779999999998">
<testsuite name="tests\createRoom.spec.ts" timestamp="2024-01-22T09:28:22.898Z" hostname="firefox" tests="3" failures="0" skipped="0" time="10.199" errors="0">
<testcase name="Creating room › Admin user must be able to create new room by filling up all mandatory fields @sanity" classname="tests\createRoom.spec.ts" time="5.584">
</testcase>
<testcase name="Creating room › Admin user must NOT be able to create new room with the room name empty" classname="tests\createRoom.spec.ts" time="2.421">
</testcase>
<testcase name="Creating room › Admin user must NOT be able to create new room with the room price less than 1" classname="tests\createRoom.spec.ts" time="2.194">
</testcase>
</testsuite>
<testsuite name="tests\loginToTheWebsite.spec.ts" timestamp="2024-01-22T09:28:22.898Z" hostname="firefox" tests="3" failures="0" skipped="0" time="8.614" errors="0">
<testcase name="Login To The Website › Customer must be able to log in to the hotel website by filling up mandatory fields @sanity" classname="tests\loginToTheWebsite.spec.ts" time="4.126">
</testcase>
<testcase name="Login To The Website › Customer must NOT be able to log in to the hotel website without filling up the username field" classname="tests\loginToTheWebsite.spec.ts" time="2.267">
</testcase>
<testcase name="Login To The Website › Customer must NOT be able to log in to the hotel website without filling up the password field" classname="tests\loginToTheWebsite.spec.ts" time="2.221">
</testcase>
</testsuite>
</testsuites>